[2023-10-27 14:55:38][main][__main__][Info]: Using gpu index is 0.
[2023-10-27 14:55:38][main][__main__][Info]: DeepStream app is initializing.
[2023-10-27 14:55:38][main][__main__][Error]: The initialization has some errors: __init__() missing 2 required positional arguments: 'gpu_index' and 'open_detail_info'
[2023-10-27 14:56:25][main][__main__][Info]: Using gpu index is 0.
[2023-10-27 14:56:25][main][__main__][Info]: DeepStream app is initializing.
[2023-10-27 14:56:25][main][__main__][Error]: The initialization has some errors: __init__() missing 2 required positional arguments: 'gpu_index' and 'open_detail_info'
[2023-10-27 14:57:14][main][__main__][Info]: Using gpu index is 0.
[2023-10-27 14:57:14][main][__main__][Info]: DeepStream app is initializing.
[2023-10-27 14:57:15][gstreamerproc][App4RTSP.__init__][Info]: DeepStream version is 6.2.0.
[2023-10-27 14:57:15][gstreamerproc][App4RTSP.__init__][Info]: Creating Pipeline.
[2023-10-27 14:57:15][main][__main__][Info]: DeepStream app is executing.
[2023-10-27 14:57:15][gstreamerproc][App4RTSP.make_gst_factory][Info]: Creating nvstreammux.
[2023-10-27 14:57:15][gstreamerproc][App4RTSP.execute][Info]: Creating source_bin 0.
[2023-10-27 14:57:15][gstreamerproc][App4RTSP.create_source_bin][Info]: Creating source bin.
[2023-10-27 14:57:15][gstreamerproc][App4RTSP.create_source_bin][Info]: source-bin-00.
[2023-10-27 14:57:15][gstreamerproc][App4RTSP.make_gst_factory][Info]: Creating uridecodebin.
[2023-10-27 14:57:15][gstreamerproc][App4RTSP.make_gst_factory][Info]: Creating nvvideoconvert.
[2023-10-27 14:57:15][gstreamerproc][App4RTSP.make_gst_factory][Info]: Creating capsfilter.
[2023-10-27 14:57:15][gstreamerproc][App4RTSP.execute][Info]: Set the flow for Convert2RGBA video raw.
[2023-10-27 14:57:15][gstreamerproc][App4RTSP.make_gst_factory][Info]: Creating nvvideoconvert.
[2023-10-27 14:57:15][gstreamerproc][App4RTSP.make_gst_factory][Info]: Creating nvdsosd.
[2023-10-27 14:57:15][gstreamerproc][App4RTSP.make_gst_factory][Info]: Creating fakesink.
[2023-10-27 14:57:15][gstreamerproc][App4RTSP.execute][Info]: Adding elements to Pipeline.
[2023-10-27 14:57:15][gstreamerproc][App4RTSP.execute][Info]: Linking elements in the Pipeline.
[2023-10-27 14:57:15][gstreamerproc][App4RTSP.execute][Info]: Now playing is rtsp://nanqing:nanqingPasS@10.60.158.91:8009/proxied1.
[2023-10-27 14:57:15][gstreamerproc][App4RTSP.execute][Info]: Starting DeepStream pipeline.
[2023-10-27 14:57:15][gstreamerproc][App4RTSP.decodebin_child_added][Info]: Decodebin child added 'source'.
[2023-10-27 14:57:18][gstreamerproc][App4RTSP.decodebin_child_added][Info]: Decodebin child added 'decodebin0'.
[2023-10-27 14:57:18][gstreamerproc][App4RTSP.decodebin_child_added][Info]: Decodebin child added 'rtph264depay0'.
[2023-10-27 14:57:18][gstreamerproc][App4RTSP.decodebin_child_added][Info]: Decodebin child added 'h264parse0'.
[2023-10-27 14:57:18][gstreamerproc][App4RTSP.decodebin_child_added][Info]: Decodebin child added 'capsfilter0'.
[2023-10-27 14:57:18][gstreamerproc][App4RTSP.decodebin_child_added][Info]: Decodebin child added 'nvv4l2decoder0'.
[2023-10-27 14:57:18][gstreamerproc][App4RTSP.decodebin_child_added][Info]: Drop frame interval.
[2023-10-27 14:57:18][gstreamerproc][App4RTSP.decodebin_child_added][Info]: 30 input decoded frames.
[2023-10-27 14:57:18][gstreamerproc][App4RTSP.decodebin_child_added][Info]: 0 dropped frames.
[2023-10-27 14:57:18][gstreamerproc][App4RTSP.decodebin_child_added][Info]: 1 drop interval.
[2023-10-27 14:57:18][gstreamerproc][App4RTSP.decodebin_child_added][Info]: cudadec-memtype for decodebin is unified memory (because of DeepStream version 6.2).
[2023-10-27 14:57:18][gstreamerproc][App4RTSP.cb_newpad][Info]: In cb_newpad.
[2023-10-27 14:58:05][main][__main__][Info]: Using gpu index is 0.
[2023-10-27 14:58:05][main][__main__][Info]: DeepStream app is initializing.
[2023-10-27 14:58:05][gstreamerproc][App4RTSP.__init__][Info]: DeepStream version is 6.2.0.
[2023-10-27 14:58:05][gstreamerproc][App4RTSP.__init__][Info]: Creating Pipeline.
[2023-10-27 14:58:05][main][__main__][Info]: DeepStream app is executing.
[2023-10-27 14:58:05][gstreamerproc][App4RTSP.make_gst_factory][Info]: Creating nvstreammux.
[2023-10-27 14:58:05][gstreamerproc][App4RTSP.execute][Info]: Creating source_bin 0.
[2023-10-27 14:58:05][gstreamerproc][App4RTSP.create_source_bin][Info]: Creating source bin.
[2023-10-27 14:58:05][gstreamerproc][App4RTSP.create_source_bin][Info]: source-bin-00.
[2023-10-27 14:58:05][gstreamerproc][App4RTSP.make_gst_factory][Info]: Creating uridecodebin.
[2023-10-27 14:58:05][gstreamerproc][App4RTSP.make_gst_factory][Info]: Creating nvvideoconvert.
[2023-10-27 14:58:05][gstreamerproc][App4RTSP.make_gst_factory][Info]: Creating capsfilter.
[2023-10-27 14:58:05][gstreamerproc][App4RTSP.execute][Info]: Set the flow for Convert2RGBA video raw.
[2023-10-27 14:58:05][gstreamerproc][App4RTSP.make_gst_factory][Info]: Creating nvvideoconvert.
[2023-10-27 14:58:05][gstreamerproc][App4RTSP.make_gst_factory][Info]: Creating nvdsosd.
[2023-10-27 14:58:05][gstreamerproc][App4RTSP.make_gst_factory][Info]: Creating fakesink.
[2023-10-27 14:58:05][gstreamerproc][App4RTSP.execute][Info]: Adding elements to Pipeline.
[2023-10-27 14:58:05][gstreamerproc][App4RTSP.execute][Info]: Linking elements in the Pipeline.
[2023-10-27 14:58:05][gstreamerproc][App4RTSP.execute][Info]: Now playing is rtsp://nanqing:nanqingPasS@10.60.158.91:8009/proxied1.
[2023-10-27 14:58:05][gstreamerproc][App4RTSP.execute][Info]: Starting DeepStream pipeline.
[2023-10-27 14:58:05][gstreamerproc][App4RTSP.decodebin_child_added][Info]: Decodebin child added 'source'.
[2023-10-27 14:58:06][gstreamerproc][App4RTSP.decodebin_child_added][Info]: Decodebin child added 'decodebin0'.
[2023-10-27 14:58:06][gstreamerproc][App4RTSP.decodebin_child_added][Info]: Decodebin child added 'rtph264depay0'.
[2023-10-27 14:58:06][gstreamerproc][App4RTSP.decodebin_child_added][Info]: Decodebin child added 'h264parse0'.
[2023-10-27 14:58:06][gstreamerproc][App4RTSP.decodebin_child_added][Info]: Decodebin child added 'capsfilter0'.
[2023-10-27 14:58:08][gstreamerproc][App4RTSP.decodebin_child_added][Info]: Decodebin child added 'nvv4l2decoder0'.
[2023-10-27 14:58:08][gstreamerproc][App4RTSP.decodebin_child_added][Info]: Drop frame interval.
[2023-10-27 14:58:08][gstreamerproc][App4RTSP.decodebin_child_added][Info]: 30 input decoded frames.
[2023-10-27 14:58:08][gstreamerproc][App4RTSP.decodebin_child_added][Info]: 0 dropped frames.
[2023-10-27 14:58:08][gstreamerproc][App4RTSP.decodebin_child_added][Info]: 1 drop interval.
[2023-10-27 14:58:08][gstreamerproc][App4RTSP.decodebin_child_added][Info]: cudadec-memtype for decodebin is unified memory (because of DeepStream version 6.2).
[2023-10-27 14:58:08][gstreamerproc][App4RTSP.cb_newpad][Info]: In cb_newpad.
[2023-10-27 14:59:33][main][__main__][Info]: Using gpu index is 0.
[2023-10-27 14:59:33][main][__main__][Info]: DeepStream app is initializing.
[2023-10-27 14:59:33][gstreamerproc][App4RTSP.__init__][Info]: DeepStream version is 6.2.0.
[2023-10-27 14:59:33][gstreamerproc][App4RTSP.__init__][Info]: Creating Pipeline.
[2023-10-27 14:59:33][main][__main__][Info]: DeepStream app is executing.
[2023-10-27 14:59:33][gstreamerproc][App4RTSP.make_gst_factory][Info]: Creating nvstreammux.
[2023-10-27 14:59:33][gstreamerproc][App4RTSP.execute][Info]: Creating source_bin 0.
[2023-10-27 14:59:33][gstreamerproc][App4RTSP.create_source_bin][Info]: Creating source bin.
[2023-10-27 14:59:33][gstreamerproc][App4RTSP.create_source_bin][Info]: source-bin-00.
[2023-10-27 14:59:33][gstreamerproc][App4RTSP.make_gst_factory][Info]: Creating uridecodebin.
[2023-10-27 14:59:33][gstreamerproc][App4RTSP.make_gst_factory][Info]: Creating nvvideoconvert.
[2023-10-27 14:59:33][gstreamerproc][App4RTSP.make_gst_factory][Info]: Creating capsfilter.
[2023-10-27 14:59:33][gstreamerproc][App4RTSP.execute][Info]: Set the flow for Convert2RGBA video raw.
[2023-10-27 14:59:33][gstreamerproc][App4RTSP.make_gst_factory][Info]: Creating nvvideoconvert.
[2023-10-27 14:59:33][gstreamerproc][App4RTSP.make_gst_factory][Info]: Creating nvdsosd.
[2023-10-27 14:59:33][gstreamerproc][App4RTSP.make_gst_factory][Info]: Creating fakesink.
[2023-10-27 14:59:33][gstreamerproc][App4RTSP.make_gst_factory][Info]: Creating nvvideoconvert.
[2023-10-27 14:59:33][gstreamerproc][App4RTSP.make_gst_factory][Info]: Creating capsfilter.
[2023-10-27 14:59:33][gstreamerproc][App4RTSP.make_gst_factory][Info]: Creating nvv4l2h265enc.
[2023-10-27 14:59:33][gstreamerproc][App4RTSP.make_gst_factory][Info]: Creating rtph265pay.
[2023-10-27 14:59:33][gstreamerproc][App4RTSP.make_gst_factory][Info]: Creating udpsink.
[2023-10-27 14:59:33][gstreamerproc][App4RTSP.execute][Info]: Adding elements to Pipeline.
[2023-10-27 14:59:33][gstreamerproc][App4RTSP.execute][Info]: Linking elements in the Pipeline.
[2023-10-27 14:59:33][gstreamerproc][App4RTSP.launch_rtsp_output][Info]: DeepStream: Launched RTSP Streaming at rtsp://127.0.0.1:8881/detection.
[2023-10-27 14:59:33][gstreamerproc][App4RTSP.execute][Info]: Now playing is rtsp://nanqing:nanqingPasS@10.60.158.91:8009/proxied1.
[2023-10-27 14:59:33][gstreamerproc][App4RTSP.execute][Info]: Starting DeepStream pipeline.
[2023-10-27 14:59:33][gstreamerproc][App4RTSP.decodebin_child_added][Info]: Decodebin child added 'source'.
[2023-10-27 14:59:39][gstreamerproc][App4RTSP.bus_call][Warn]: gst-resource-error-quark: Could not read from resource. (9)->gstrtspsrc.c(5769): gst_rtspsrc_reconnect (): /GstPipeline:pipeline0/GstBin:source-bin-00/GstURIDecodeBin:uri-decode-bin/GstRTSPSrc:source:
Could not receive any UDP packets for 5.0000 seconds, maybe your firewall is blocking it. Retrying using a tcp connection..
[2023-10-27 14:59:57][main][__main__][Info]: Using gpu index is 0.
[2023-10-27 14:59:57][main][__main__][Info]: DeepStream app is initializing.
[2023-10-27 14:59:57][gstreamerproc][App4RTSP.__init__][Info]: DeepStream version is 6.2.0.
[2023-10-27 14:59:57][gstreamerproc][App4RTSP.__init__][Info]: Creating Pipeline.
[2023-10-27 14:59:57][main][__main__][Info]: DeepStream app is executing.
[2023-10-27 14:59:57][gstreamerproc][App4RTSP.make_gst_factory][Info]: Creating nvstreammux.
[2023-10-27 14:59:57][gstreamerproc][App4RTSP.execute][Info]: Creating source_bin 0.
[2023-10-27 14:59:57][gstreamerproc][App4RTSP.create_source_bin][Info]: Creating source bin.
[2023-10-27 14:59:57][gstreamerproc][App4RTSP.create_source_bin][Info]: source-bin-00.
[2023-10-27 14:59:57][gstreamerproc][App4RTSP.make_gst_factory][Info]: Creating uridecodebin.
[2023-10-27 14:59:57][gstreamerproc][App4RTSP.make_gst_factory][Info]: Creating nvvideoconvert.
[2023-10-27 14:59:57][gstreamerproc][App4RTSP.make_gst_factory][Info]: Creating capsfilter.
[2023-10-27 14:59:57][gstreamerproc][App4RTSP.execute][Info]: Set the flow for Convert2RGBA video raw.
[2023-10-27 14:59:57][gstreamerproc][App4RTSP.make_gst_factory][Info]: Creating nvvideoconvert.
[2023-10-27 14:59:57][gstreamerproc][App4RTSP.make_gst_factory][Info]: Creating nvdsosd.
[2023-10-27 14:59:57][gstreamerproc][App4RTSP.make_gst_factory][Info]: Creating fakesink.
[2023-10-27 14:59:57][gstreamerproc][App4RTSP.make_gst_factory][Info]: Creating nvvideoconvert.
[2023-10-27 14:59:57][gstreamerproc][App4RTSP.make_gst_factory][Info]: Creating capsfilter.
[2023-10-27 14:59:57][gstreamerproc][App4RTSP.make_gst_factory][Info]: Creating nvv4l2h265enc.
[2023-10-27 14:59:57][gstreamerproc][App4RTSP.make_gst_factory][Info]: Creating rtph265pay.
[2023-10-27 14:59:57][gstreamerproc][App4RTSP.make_gst_factory][Info]: Creating udpsink.
[2023-10-27 14:59:57][gstreamerproc][App4RTSP.execute][Info]: Adding elements to Pipeline.
[2023-10-27 14:59:57][gstreamerproc][App4RTSP.execute][Info]: Linking elements in the Pipeline.
[2023-10-27 14:59:57][gstreamerproc][App4RTSP.launch_rtsp_output][Info]: DeepStream: Launched RTSP Streaming at rtsp://10.62.31.199:8881/detection.
[2023-10-27 14:59:57][gstreamerproc][App4RTSP.execute][Info]: Now playing is rtsp://nanqing:nanqingPasS@10.60.158.91:8009/proxied1.
[2023-10-27 14:59:57][gstreamerproc][App4RTSP.execute][Info]: Starting DeepStream pipeline.
[2023-10-27 14:59:57][gstreamerproc][App4RTSP.decodebin_child_added][Info]: Decodebin child added 'source'.
[2023-10-27 14:59:58][gstreamerproc][App4RTSP.decodebin_child_added][Info]: Decodebin child added 'decodebin0'.
[2023-10-27 14:59:58][gstreamerproc][App4RTSP.decodebin_child_added][Info]: Decodebin child added 'rtph264depay0'.
[2023-10-27 14:59:58][gstreamerproc][App4RTSP.decodebin_child_added][Info]: Decodebin child added 'h264parse0'.
[2023-10-27 14:59:58][gstreamerproc][App4RTSP.decodebin_child_added][Info]: Decodebin child added 'capsfilter0'.
[2023-10-27 15:00:00][gstreamerproc][App4RTSP.decodebin_child_added][Info]: Decodebin child added 'nvv4l2decoder0'.
[2023-10-27 15:00:00][gstreamerproc][App4RTSP.decodebin_child_added][Info]: Drop frame interval.
[2023-10-27 15:00:00][gstreamerproc][App4RTSP.decodebin_child_added][Info]: 30 input decoded frames.
[2023-10-27 15:00:00][gstreamerproc][App4RTSP.decodebin_child_added][Info]: 0 dropped frames.
[2023-10-27 15:00:00][gstreamerproc][App4RTSP.decodebin_child_added][Info]: 1 drop interval.
[2023-10-27 15:00:00][gstreamerproc][App4RTSP.decodebin_child_added][Info]: cudadec-memtype for decodebin is unified memory (because of DeepStream version 6.2).
[2023-10-27 15:00:00][gstreamerproc][App4RTSP.cb_newpad][Info]: In cb_newpad.
[2023-10-27 15:01:11][main][__main__][Info]: Using gpu index is 0.
[2023-10-27 15:01:11][main][__main__][Info]: DeepStream app is initializing.
[2023-10-27 15:01:11][gstreamerproc][App4RTSP.__init__][Info]: DeepStream version is 6.2.0.
[2023-10-27 15:01:11][gstreamerproc][App4RTSP.__init__][Info]: Creating Pipeline.
[2023-10-27 15:01:11][main][__main__][Info]: DeepStream app is executing.
[2023-10-27 15:01:11][gstreamerproc][App4RTSP.make_gst_factory][Info]: Creating nvstreammux.
[2023-10-27 15:01:11][gstreamerproc][App4RTSP.execute][Info]: Creating source_bin 0.
[2023-10-27 15:01:11][gstreamerproc][App4RTSP.create_source_bin][Info]: Creating source bin.
[2023-10-27 15:01:11][gstreamerproc][App4RTSP.create_source_bin][Info]: source-bin-00.
[2023-10-27 15:01:11][gstreamerproc][App4RTSP.make_gst_factory][Info]: Creating uridecodebin.
[2023-10-27 15:01:11][gstreamerproc][App4RTSP.make_gst_factory][Info]: Creating nvvideoconvert.
[2023-10-27 15:01:11][gstreamerproc][App4RTSP.make_gst_factory][Info]: Creating capsfilter.
[2023-10-27 15:01:11][gstreamerproc][App4RTSP.execute][Info]: Set the flow for Convert2RGBA video raw.
[2023-10-27 15:01:11][gstreamerproc][App4RTSP.make_gst_factory][Info]: Creating nvvideoconvert.
[2023-10-27 15:01:11][gstreamerproc][App4RTSP.make_gst_factory][Info]: Creating nvdsosd.
[2023-10-27 15:01:11][gstreamerproc][App4RTSP.make_gst_factory][Info]: Creating fakesink.
[2023-10-27 15:01:11][gstreamerproc][App4RTSP.make_gst_factory][Info]: Creating nvvideoconvert.
[2023-10-27 15:01:11][gstreamerproc][App4RTSP.make_gst_factory][Info]: Creating capsfilter.
[2023-10-27 15:01:11][gstreamerproc][App4RTSP.make_gst_factory][Info]: Creating nvv4l2h265enc.
[2023-10-27 15:01:11][gstreamerproc][App4RTSP.make_gst_factory][Info]: Creating rtph265pay.
[2023-10-27 15:01:11][gstreamerproc][App4RTSP.make_gst_factory][Info]: Creating udpsink.
[2023-10-27 15:01:11][gstreamerproc][App4RTSP.execute][Info]: Adding elements to Pipeline.
[2023-10-27 15:01:11][gstreamerproc][App4RTSP.execute][Info]: Linking elements in the Pipeline.
[2023-10-27 15:01:11][gstreamerproc][App4RTSP.launch_rtsp_output][Info]: DeepStream: Launched RTSP Streaming at rtsp://127.0.0.1:8881/detection.
[2023-10-27 15:01:11][gstreamerproc][App4RTSP.execute][Info]: Now playing is rtsp://nanqing:nanqingPasS@10.60.158.91:8009/proxied1.
[2023-10-27 15:01:11][gstreamerproc][App4RTSP.execute][Info]: Starting DeepStream pipeline.
[2023-10-27 15:01:11][gstreamerproc][App4RTSP.decodebin_child_added][Info]: Decodebin child added 'source'.
[2023-10-27 15:01:13][gstreamerproc][App4RTSP.decodebin_child_added][Info]: Decodebin child added 'decodebin0'.
[2023-10-27 15:01:13][gstreamerproc][App4RTSP.decodebin_child_added][Info]: Decodebin child added 'rtph264depay0'.
[2023-10-27 15:01:13][gstreamerproc][App4RTSP.decodebin_child_added][Info]: Decodebin child added 'h264parse0'.
[2023-10-27 15:01:13][gstreamerproc][App4RTSP.decodebin_child_added][Info]: Decodebin child added 'capsfilter0'.
[2023-10-27 15:01:15][gstreamerproc][App4RTSP.decodebin_child_added][Info]: Decodebin child added 'nvv4l2decoder0'.
[2023-10-27 15:01:15][gstreamerproc][App4RTSP.decodebin_child_added][Info]: Drop frame interval.
[2023-10-27 15:01:15][gstreamerproc][App4RTSP.decodebin_child_added][Info]: 30 input decoded frames.
[2023-10-27 15:01:15][gstreamerproc][App4RTSP.decodebin_child_added][Info]: 0 dropped frames.
[2023-10-27 15:01:15][gstreamerproc][App4RTSP.decodebin_child_added][Info]: 1 drop interval.
[2023-10-27 15:01:15][gstreamerproc][App4RTSP.decodebin_child_added][Info]: cudadec-memtype for decodebin is unified memory (because of DeepStream version 6.2).
[2023-10-27 15:01:15][gstreamerproc][App4RTSP.cb_newpad][Info]: In cb_newpad.
[2023-10-27 15:03:24][main][__main__][Info]: Using gpu index is 0.
[2023-10-27 15:03:24][main][__main__][Info]: DeepStream app is initializing.
[2023-10-27 15:03:24][gstreamerproc][App4RTSP.__init__][Info]: DeepStream version is 6.2.0.
[2023-10-27 15:03:24][gstreamerproc][App4RTSP.__init__][Info]: Creating Pipeline.
[2023-10-27 15:03:24][main][__main__][Info]: DeepStream app is executing.
[2023-10-27 15:03:24][gstreamerproc][App4RTSP.make_gst_factory][Info]: Creating nvstreammux.
[2023-10-27 15:03:24][gstreamerproc][App4RTSP.execute][Info]: Creating source_bin 0.
[2023-10-27 15:03:24][gstreamerproc][App4RTSP.create_source_bin][Info]: Creating source bin.
[2023-10-27 15:03:24][gstreamerproc][App4RTSP.create_source_bin][Info]: source-bin-00.
[2023-10-27 15:03:24][gstreamerproc][App4RTSP.make_gst_factory][Info]: Creating uridecodebin.
[2023-10-27 15:03:24][gstreamerproc][App4RTSP.make_gst_factory][Info]: Creating nvvideoconvert.
[2023-10-27 15:03:24][gstreamerproc][App4RTSP.make_gst_factory][Info]: Creating capsfilter.
[2023-10-27 15:03:24][gstreamerproc][App4RTSP.execute][Info]: Set the flow for Convert2RGBA video raw.
[2023-10-27 15:03:24][gstreamerproc][App4RTSP.make_gst_factory][Info]: Creating nvvideoconvert.
[2023-10-27 15:03:24][gstreamerproc][App4RTSP.make_gst_factory][Info]: Creating nvdsosd.
[2023-10-27 15:03:24][gstreamerproc][App4RTSP.make_gst_factory][Info]: Creating fakesink.
[2023-10-27 15:03:24][gstreamerproc][App4RTSP.make_gst_factory][Info]: Creating nvvideoconvert.
[2023-10-27 15:03:24][gstreamerproc][App4RTSP.make_gst_factory][Info]: Creating capsfilter.
[2023-10-27 15:03:24][gstreamerproc][App4RTSP.make_gst_factory][Info]: Creating nvv4l2h265enc.
[2023-10-27 15:03:24][gstreamerproc][App4RTSP.make_gst_factory][Info]: Creating rtph265pay.
[2023-10-27 15:03:24][gstreamerproc][App4RTSP.make_gst_factory][Info]: Creating udpsink.
[2023-10-27 15:03:24][gstreamerproc][App4RTSP.execute][Info]: Adding elements to Pipeline.
[2023-10-27 15:03:24][gstreamerproc][App4RTSP.execute][Info]: Linking elements in the Pipeline.
[2023-10-27 15:03:24][gstreamerproc][App4RTSP.launch_rtsp_output][Info]: DeepStream: Launched RTSP Streaming at rtsp://127.0.0.1:8881/detection.
[2023-10-27 15:03:24][gstreamerproc][App4RTSP.execute][Info]: Now playing is rtsp://nanqing:nanqingPasS@10.60.158.91:8009/proxied1.
[2023-10-27 15:03:24][gstreamerproc][App4RTSP.execute][Info]: Starting DeepStream pipeline.
[2023-10-27 15:03:24][gstreamerproc][App4RTSP.decodebin_child_added][Info]: Decodebin child added 'source'.
[2023-10-27 15:03:25][gstreamerproc][App4RTSP.decodebin_child_added][Info]: Decodebin child added 'decodebin0'.
[2023-10-27 15:03:25][gstreamerproc][App4RTSP.decodebin_child_added][Info]: Decodebin child added 'rtph264depay0'.
[2023-10-27 15:03:25][gstreamerproc][App4RTSP.decodebin_child_added][Info]: Decodebin child added 'h264parse0'.
[2023-10-27 15:03:25][gstreamerproc][App4RTSP.decodebin_child_added][Info]: Decodebin child added 'capsfilter0'.
[2023-10-27 15:03:25][gstreamerproc][App4RTSP.decodebin_child_added][Info]: Decodebin child added 'nvv4l2decoder0'.
[2023-10-27 15:03:25][gstreamerproc][App4RTSP.decodebin_child_added][Info]: Drop frame interval.
[2023-10-27 15:03:25][gstreamerproc][App4RTSP.decodebin_child_added][Info]: 30 input decoded frames.
[2023-10-27 15:03:25][gstreamerproc][App4RTSP.decodebin_child_added][Info]: 20 dropped frames.
[2023-10-27 15:03:25][gstreamerproc][App4RTSP.decodebin_child_added][Info]: 3 drop interval.
[2023-10-27 15:03:25][gstreamerproc][App4RTSP.decodebin_child_added][Info]: cudadec-memtype for decodebin is unified memory (because of DeepStream version 6.2).
[2023-10-27 15:03:25][gstreamerproc][App4RTSP.cb_newpad][Info]: In cb_newpad.
[2023-10-27 15:04:43][main][__main__][Info]: Using gpu index is 0.
[2023-10-27 15:04:43][main][__main__][Info]: DeepStream app is initializing.
[2023-10-27 15:04:43][gstreamerproc][App4RTSP.__init__][Info]: DeepStream version is 6.2.0.
[2023-10-27 15:04:43][gstreamerproc][App4RTSP.__init__][Info]: Creating Pipeline.
[2023-10-27 15:04:43][main][__main__][Info]: DeepStream app is executing.
[2023-10-27 15:04:43][gstreamerproc][App4RTSP.make_gst_factory][Info]: Creating nvstreammux.
[2023-10-27 15:04:43][gstreamerproc][App4RTSP.execute][Info]: Creating source_bin 0.
[2023-10-27 15:04:43][gstreamerproc][App4RTSP.create_source_bin][Info]: Creating source bin.
[2023-10-27 15:04:43][gstreamerproc][App4RTSP.create_source_bin][Info]: source-bin-00.
[2023-10-27 15:04:43][gstreamerproc][App4RTSP.make_gst_factory][Info]: Creating uridecodebin.
[2023-10-27 15:04:43][gstreamerproc][App4RTSP.make_gst_factory][Info]: Creating nvvideoconvert.
[2023-10-27 15:04:43][gstreamerproc][App4RTSP.make_gst_factory][Info]: Creating capsfilter.
[2023-10-27 15:04:43][gstreamerproc][App4RTSP.execute][Info]: Set the flow for Convert2RGBA video raw.
[2023-10-27 15:04:43][gstreamerproc][App4RTSP.make_gst_factory][Info]: Creating nvvideoconvert.
[2023-10-27 15:04:43][gstreamerproc][App4RTSP.make_gst_factory][Info]: Creating nvdsosd.
[2023-10-27 15:04:43][gstreamerproc][App4RTSP.make_gst_factory][Info]: Creating fakesink.
[2023-10-27 15:04:43][gstreamerproc][App4RTSP.make_gst_factory][Info]: Creating nvvideoconvert.
[2023-10-27 15:04:43][gstreamerproc][App4RTSP.make_gst_factory][Info]: Creating capsfilter.
[2023-10-27 15:04:43][gstreamerproc][App4RTSP.make_gst_factory][Info]: Creating nvv4l2h265enc.
[2023-10-27 15:04:43][gstreamerproc][App4RTSP.make_gst_factory][Info]: Creating rtph265pay.
[2023-10-27 15:04:43][gstreamerproc][App4RTSP.make_gst_factory][Info]: Creating udpsink.
[2023-10-27 15:04:43][gstreamerproc][App4RTSP.execute][Info]: Adding elements to Pipeline.
[2023-10-27 15:04:43][gstreamerproc][App4RTSP.execute][Info]: Linking elements in the Pipeline.
[2023-10-27 15:04:43][gstreamerproc][App4RTSP.launch_rtsp_output][Info]: DeepStream: Launched RTSP Streaming at rtsp://127.0.0.1:8881/detection.
[2023-10-27 15:04:43][gstreamerproc][App4RTSP.execute][Info]: Now playing is rtsp://nanqing:nanqingPasS@10.60.158.91:8009/proxied1.
[2023-10-27 15:04:43][gstreamerproc][App4RTSP.execute][Info]: Starting DeepStream pipeline.
[2023-10-27 15:04:43][gstreamerproc][App4RTSP.decodebin_child_added][Info]: Decodebin child added 'source'.
[2023-10-27 15:04:46][gstreamerproc][App4RTSP.decodebin_child_added][Info]: Decodebin child added 'decodebin0'.
[2023-10-27 15:04:46][gstreamerproc][App4RTSP.decodebin_child_added][Info]: Decodebin child added 'rtph264depay0'.
[2023-10-27 15:04:46][gstreamerproc][App4RTSP.decodebin_child_added][Info]: Decodebin child added 'h264parse0'.
[2023-10-27 15:04:46][gstreamerproc][App4RTSP.decodebin_child_added][Info]: Decodebin child added 'capsfilter0'.
[2023-10-27 15:04:46][gstreamerproc][App4RTSP.decodebin_child_added][Info]: Decodebin child added 'nvv4l2decoder0'.
[2023-10-27 15:04:46][gstreamerproc][App4RTSP.decodebin_child_added][Info]: Drop frame interval.
[2023-10-27 15:04:46][gstreamerproc][App4RTSP.decodebin_child_added][Info]: 30 input decoded frames.
[2023-10-27 15:04:46][gstreamerproc][App4RTSP.decodebin_child_added][Info]: 20 dropped frames.
[2023-10-27 15:04:46][gstreamerproc][App4RTSP.decodebin_child_added][Info]: 3 drop interval.
[2023-10-27 15:04:46][gstreamerproc][App4RTSP.decodebin_child_added][Info]: cudadec-memtype for decodebin is unified memory (because of DeepStream version 6.2).
[2023-10-27 15:04:46][gstreamerproc][App4RTSP.cb_newpad][Info]: In cb_newpad.
[2023-10-27 15:04:46][gstreamerproc][App4RTSP.bus_call][Error]: gst-stream-error-quark: memory type configured and i/p buffer mismatch ip_surf 3 muxer 2 (1)->gstnvstreammux.c(643): gst_nvstreammux_chain (): /GstPipeline:pipeline0/GstNvStreamMux:Stream-muxer.
[2023-10-27 15:05:08][main][__main__][Info]: Using gpu index is 0.
[2023-10-27 15:05:08][main][__main__][Info]: DeepStream app is initializing.
[2023-10-27 15:05:08][gstreamerproc][App4RTSP.__init__][Info]: DeepStream version is 6.2.0.
[2023-10-27 15:05:08][gstreamerproc][App4RTSP.__init__][Info]: Creating Pipeline.
[2023-10-27 15:05:08][main][__main__][Info]: DeepStream app is executing.
[2023-10-27 15:05:08][gstreamerproc][App4RTSP.make_gst_factory][Info]: Creating nvstreammux.
[2023-10-27 15:05:08][gstreamerproc][App4RTSP.execute][Info]: Creating source_bin 0.
[2023-10-27 15:05:08][gstreamerproc][App4RTSP.create_source_bin][Info]: Creating source bin.
[2023-10-27 15:05:08][gstreamerproc][App4RTSP.create_source_bin][Info]: source-bin-00.
[2023-10-27 15:05:08][gstreamerproc][App4RTSP.make_gst_factory][Info]: Creating uridecodebin.
[2023-10-27 15:05:08][gstreamerproc][App4RTSP.make_gst_factory][Info]: Creating nvvideoconvert.
[2023-10-27 15:05:08][gstreamerproc][App4RTSP.make_gst_factory][Info]: Creating capsfilter.
[2023-10-27 15:05:08][gstreamerproc][App4RTSP.execute][Info]: Set the flow for Convert2RGBA video raw.
[2023-10-27 15:05:08][gstreamerproc][App4RTSP.make_gst_factory][Info]: Creating nvvideoconvert.
[2023-10-27 15:05:08][gstreamerproc][App4RTSP.make_gst_factory][Info]: Creating nvdsosd.
[2023-10-27 15:05:08][gstreamerproc][App4RTSP.make_gst_factory][Info]: Creating fakesink.
[2023-10-27 15:05:08][gstreamerproc][App4RTSP.make_gst_factory][Info]: Creating nvvideoconvert.
[2023-10-27 15:05:08][gstreamerproc][App4RTSP.make_gst_factory][Info]: Creating capsfilter.
[2023-10-27 15:05:08][gstreamerproc][App4RTSP.make_gst_factory][Info]: Creating nvv4l2h265enc.
[2023-10-27 15:05:08][gstreamerproc][App4RTSP.make_gst_factory][Info]: Creating rtph265pay.
[2023-10-27 15:05:08][gstreamerproc][App4RTSP.make_gst_factory][Info]: Creating udpsink.
[2023-10-27 15:05:08][gstreamerproc][App4RTSP.execute][Info]: Adding elements to Pipeline.
[2023-10-27 15:05:08][gstreamerproc][App4RTSP.execute][Info]: Linking elements in the Pipeline.
[2023-10-27 15:05:08][gstreamerproc][App4RTSP.launch_rtsp_output][Info]: DeepStream: Launched RTSP Streaming at rtsp://127.0.0.1:8881/detection.
[2023-10-27 15:05:08][gstreamerproc][App4RTSP.execute][Info]: Now playing is rtsp://nanqing:nanqingPasS@10.60.158.91:8009/proxied1.
[2023-10-27 15:05:08][gstreamerproc][App4RTSP.execute][Info]: Starting DeepStream pipeline.
[2023-10-27 15:05:08][gstreamerproc][App4RTSP.decodebin_child_added][Info]: Decodebin child added 'source'.
[2023-10-27 15:05:11][gstreamerproc][App4RTSP.decodebin_child_added][Info]: Decodebin child added 'decodebin0'.
[2023-10-27 15:05:11][gstreamerproc][App4RTSP.decodebin_child_added][Info]: Decodebin child added 'rtph264depay0'.
[2023-10-27 15:05:11][gstreamerproc][App4RTSP.decodebin_child_added][Info]: Decodebin child added 'h264parse0'.
[2023-10-27 15:05:11][gstreamerproc][App4RTSP.decodebin_child_added][Info]: Decodebin child added 'capsfilter0'.
[2023-10-27 15:05:11][gstreamerproc][App4RTSP.decodebin_child_added][Info]: Decodebin child added 'nvv4l2decoder0'.
[2023-10-27 15:05:11][gstreamerproc][App4RTSP.decodebin_child_added][Info]: Drop frame interval.
[2023-10-27 15:05:11][gstreamerproc][App4RTSP.decodebin_child_added][Info]: 30 input decoded frames.
[2023-10-27 15:05:11][gstreamerproc][App4RTSP.decodebin_child_added][Info]: 20 dropped frames.
[2023-10-27 15:05:11][gstreamerproc][App4RTSP.decodebin_child_added][Info]: 3 drop interval.
[2023-10-27 15:05:11][gstreamerproc][App4RTSP.decodebin_child_added][Info]: cudadec-memtype for decodebin is unified memory (because of DeepStream version 6.2).
[2023-10-27 15:05:11][gstreamerproc][App4RTSP.cb_newpad][Info]: In cb_newpad.
[2023-10-27 15:09:09][main][__main__][Info]: Using gpu index is 0.
[2023-10-27 15:09:09][main][__main__][Info]: DeepStream app is initializing.
[2023-10-27 15:09:09][gstreamerproc][App4RTSP.__init__][Info]: DeepStream version is 6.2.0.
[2023-10-27 15:09:09][gstreamerproc][App4RTSP.__init__][Info]: Creating Pipeline.
[2023-10-27 15:09:09][main][__main__][Info]: DeepStream app is executing.
[2023-10-27 15:09:09][gstreamerproc][App4RTSP.make_gst_factory][Info]: Creating nvstreammux.
[2023-10-27 15:09:09][gstreamerproc][App4RTSP.execute][Info]: Creating source_bin 0.
[2023-10-27 15:09:09][gstreamerproc][App4RTSP.create_source_bin][Info]: Creating source bin.
[2023-10-27 15:09:09][gstreamerproc][App4RTSP.create_source_bin][Info]: source-bin-00.
[2023-10-27 15:09:09][gstreamerproc][App4RTSP.make_gst_factory][Info]: Creating uridecodebin.
[2023-10-27 15:09:09][gstreamerproc][App4RTSP.make_gst_factory][Info]: Creating nvvideoconvert.
[2023-10-27 15:09:09][gstreamerproc][App4RTSP.make_gst_factory][Info]: Creating capsfilter.
[2023-10-27 15:09:09][gstreamerproc][App4RTSP.execute][Info]: Set the flow for Convert2RGBA video raw.
[2023-10-27 15:09:09][gstreamerproc][App4RTSP.make_gst_factory][Info]: Creating nvvideoconvert.
[2023-10-27 15:09:09][gstreamerproc][App4RTSP.make_gst_factory][Info]: Creating nvdsosd.
[2023-10-27 15:09:09][gstreamerproc][App4RTSP.make_gst_factory][Info]: Creating fakesink.
[2023-10-27 15:09:09][gstreamerproc][App4RTSP.make_gst_factory][Info]: Creating nvvideoconvert.
[2023-10-27 15:09:09][gstreamerproc][App4RTSP.make_gst_factory][Info]: Creating capsfilter.
[2023-10-27 15:09:09][gstreamerproc][App4RTSP.make_gst_factory][Info]: Creating nvv4l2h265enc.
[2023-10-27 15:09:09][gstreamerproc][App4RTSP.make_gst_factory][Info]: Creating rtph265pay.
[2023-10-27 15:09:09][gstreamerproc][App4RTSP.make_gst_factory][Info]: Creating udpsink.
[2023-10-27 15:09:09][gstreamerproc][App4RTSP.execute][Info]: Adding elements to Pipeline.
[2023-10-27 15:09:09][gstreamerproc][App4RTSP.execute][Info]: Linking elements in the Pipeline.
[2023-10-27 15:09:09][gstreamerproc][App4RTSP.launch_rtsp_output][Info]: DeepStream: Launched RTSP Streaming at rtsp://127.0.0.1:8881/detection.
[2023-10-27 15:09:09][gstreamerproc][App4RTSP.execute][Info]: Now playing is rtsp://nanqing:nanqingPasS@10.60.158.91:8009/proxied1.
[2023-10-27 15:09:09][gstreamerproc][App4RTSP.execute][Info]: Starting DeepStream pipeline.
[2023-10-27 15:09:09][gstreamerproc][App4RTSP.decodebin_child_added][Info]: Decodebin child added 'source'.
[2023-10-27 15:09:38][main][__main__][Info]: Using gpu index is 0.
[2023-10-27 15:09:38][main][__main__][Info]: DeepStream app is initializing.
[2023-10-27 15:09:38][gstreamerproc][App4RTSP.__init__][Info]: DeepStream version is 6.2.0.
[2023-10-27 15:09:38][gstreamerproc][App4RTSP.__init__][Info]: Creating Pipeline.
[2023-10-27 15:09:38][main][__main__][Info]: DeepStream app is executing.
[2023-10-27 15:09:38][gstreamerproc][App4RTSP.make_gst_factory][Info]: Creating nvstreammux.
[2023-10-27 15:09:38][gstreamerproc][App4RTSP.execute][Info]: Creating source_bin 0.
[2023-10-27 15:09:38][gstreamerproc][App4RTSP.create_source_bin][Info]: Creating source bin.
[2023-10-27 15:09:38][gstreamerproc][App4RTSP.create_source_bin][Info]: source-bin-00.
[2023-10-27 15:09:38][gstreamerproc][App4RTSP.make_gst_factory][Info]: Creating uridecodebin.
[2023-10-27 15:09:38][gstreamerproc][App4RTSP.make_gst_factory][Info]: Creating nvvideoconvert.
[2023-10-27 15:09:38][gstreamerproc][App4RTSP.make_gst_factory][Info]: Creating capsfilter.
[2023-10-27 15:09:38][gstreamerproc][App4RTSP.execute][Info]: Set the flow for Convert2RGBA video raw.
[2023-10-27 15:09:38][gstreamerproc][App4RTSP.make_gst_factory][Info]: Creating nvvideoconvert.
[2023-10-27 15:09:38][gstreamerproc][App4RTSP.make_gst_factory][Info]: Creating nvdsosd.
[2023-10-27 15:09:38][gstreamerproc][App4RTSP.make_gst_factory][Info]: Creating fakesink.
[2023-10-27 15:09:38][gstreamerproc][App4RTSP.make_gst_factory][Info]: Creating nvvideoconvert.
[2023-10-27 15:09:38][gstreamerproc][App4RTSP.make_gst_factory][Info]: Creating capsfilter.
[2023-10-27 15:09:38][gstreamerproc][App4RTSP.make_gst_factory][Info]: Creating nvv4l2h265enc.
[2023-10-27 15:09:38][gstreamerproc][App4RTSP.make_gst_factory][Info]: Creating rtph265pay.
[2023-10-27 15:09:38][gstreamerproc][App4RTSP.make_gst_factory][Info]: Creating udpsink.
[2023-10-27 15:09:38][gstreamerproc][App4RTSP.execute][Info]: Adding elements to Pipeline.
[2023-10-27 15:09:38][gstreamerproc][App4RTSP.execute][Info]: Linking elements in the Pipeline.
[2023-10-27 15:09:38][gstreamerproc][App4RTSP.launch_rtsp_output][Info]: DeepStream: Launched RTSP Streaming at rtsp://127.0.0.1:8881/detection.
[2023-10-27 15:09:38][gstreamerproc][App4RTSP.execute][Info]: Now playing is rtsp://nanqing:nanqingPasS@10.60.158.91:8009/proxied1.
[2023-10-27 15:09:38][gstreamerproc][App4RTSP.execute][Info]: Starting DeepStream pipeline.
[2023-10-27 15:09:38][gstreamerproc][App4RTSP.decodebin_child_added][Info]: Decodebin child added 'source'.
[2023-10-27 15:09:38][gstreamerproc][App4RTSP.bus_call][Error]: gst-resource-error-quark: Could not open resource for reading and writing. (7)->gstrtspsrc.c(7893): gst_rtspsrc_retrieve_sdp (): /GstPipeline:pipeline0/GstBin:source-bin-00/GstURIDecodeBin:uri-decode-bin/GstRTSPSrc:source:
Failed to connect. (Generic error).
[2023-10-27 15:09:43][main][__main__][Info]: Using gpu index is 0.
[2023-10-27 15:09:43][main][__main__][Info]: DeepStream app is initializing.
[2023-10-27 15:09:43][gstreamerproc][App4RTSP.__init__][Info]: DeepStream version is 6.2.0.
[2023-10-27 15:09:43][gstreamerproc][App4RTSP.__init__][Info]: Creating Pipeline.
[2023-10-27 15:09:43][main][__main__][Info]: DeepStream app is executing.
[2023-10-27 15:09:43][gstreamerproc][App4RTSP.make_gst_factory][Info]: Creating nvstreammux.
[2023-10-27 15:09:43][gstreamerproc][App4RTSP.execute][Info]: Creating source_bin 0.
[2023-10-27 15:09:43][gstreamerproc][App4RTSP.create_source_bin][Info]: Creating source bin.
[2023-10-27 15:09:43][gstreamerproc][App4RTSP.create_source_bin][Info]: source-bin-00.
[2023-10-27 15:09:43][gstreamerproc][App4RTSP.make_gst_factory][Info]: Creating uridecodebin.
[2023-10-27 15:09:43][gstreamerproc][App4RTSP.make_gst_factory][Info]: Creating nvvideoconvert.
[2023-10-27 15:09:43][gstreamerproc][App4RTSP.make_gst_factory][Info]: Creating capsfilter.
[2023-10-27 15:09:43][gstreamerproc][App4RTSP.execute][Info]: Set the flow for Convert2RGBA video raw.
[2023-10-27 15:09:43][gstreamerproc][App4RTSP.make_gst_factory][Info]: Creating nvvideoconvert.
[2023-10-27 15:09:43][gstreamerproc][App4RTSP.make_gst_factory][Info]: Creating nvdsosd.
[2023-10-27 15:09:43][gstreamerproc][App4RTSP.make_gst_factory][Info]: Creating fakesink.
[2023-10-27 15:09:43][gstreamerproc][App4RTSP.make_gst_factory][Info]: Creating nvvideoconvert.
[2023-10-27 15:09:43][gstreamerproc][App4RTSP.make_gst_factory][Info]: Creating capsfilter.
[2023-10-27 15:09:43][gstreamerproc][App4RTSP.make_gst_factory][Info]: Creating nvv4l2h265enc.
[2023-10-27 15:09:43][gstreamerproc][App4RTSP.make_gst_factory][Info]: Creating rtph265pay.
[2023-10-27 15:09:43][gstreamerproc][App4RTSP.make_gst_factory][Info]: Creating udpsink.
[2023-10-27 15:09:43][gstreamerproc][App4RTSP.execute][Info]: Adding elements to Pipeline.
[2023-10-27 15:09:43][gstreamerproc][App4RTSP.execute][Info]: Linking elements in the Pipeline.
[2023-10-27 15:09:43][gstreamerproc][App4RTSP.launch_rtsp_output][Info]: DeepStream: Launched RTSP Streaming at rtsp://127.0.0.1:8881/detection.
[2023-10-27 15:09:43][gstreamerproc][App4RTSP.execute][Info]: Now playing is rtsp://nanqing:nanqingPasS@10.60.158.91:8009/proxied1.
[2023-10-27 15:09:43][gstreamerproc][App4RTSP.execute][Info]: Starting DeepStream pipeline.
[2023-10-27 15:09:43][gstreamerproc][App4RTSP.decodebin_child_added][Info]: Decodebin child added 'source'.
[2023-10-27 15:09:44][gstreamerproc][App4RTSP.decodebin_child_added][Info]: Decodebin child added 'decodebin0'.
[2023-10-27 15:09:44][gstreamerproc][App4RTSP.decodebin_child_added][Info]: Decodebin child added 'rtph264depay0'.
[2023-10-27 15:09:44][gstreamerproc][App4RTSP.decodebin_child_added][Info]: Decodebin child added 'h264parse0'.
[2023-10-27 15:09:44][gstreamerproc][App4RTSP.decodebin_child_added][Info]: Decodebin child added 'capsfilter0'.
[2023-10-27 15:09:46][gstreamerproc][App4RTSP.decodebin_child_added][Info]: Decodebin child added 'nvv4l2decoder0'.
[2023-10-27 15:09:46][gstreamerproc][App4RTSP.decodebin_child_added][Info]: Drop frame interval.
[2023-10-27 15:09:46][gstreamerproc][App4RTSP.decodebin_child_added][Info]: 30 input decoded frames.
[2023-10-27 15:09:46][gstreamerproc][App4RTSP.decodebin_child_added][Info]: 20 dropped frames.
[2023-10-27 15:09:46][gstreamerproc][App4RTSP.decodebin_child_added][Info]: 3 drop interval.
[2023-10-27 15:09:46][gstreamerproc][App4RTSP.decodebin_child_added][Info]: cudadec-memtype for decodebin is unified memory (because of DeepStream version 6.2).
[2023-10-27 15:09:46][gstreamerproc][App4RTSP.cb_newpad][Info]: In cb_newpad.
